  GameLayer.cpp
C:\Users\Sara\Desktop\Universidad\Videojuegos\Plataformas\PlataformasAmpliaciones\Audio.h(8,10): warning C4067: símbolos (token) inesperados después de la directiva del preprocesador; se esperaba una nueva línea
C:\Users\Sara\Desktop\Universidad\Videojuegos\Plataformas\PlataformasAmpliaciones\GameLayer.cpp(19,72): warning C4305: 'argumento': truncamiento de 'double' a 'float'
C:\Users\Sara\Desktop\Universidad\Videojuegos\Plataformas\PlataformasAmpliaciones\GameLayer.cpp(30,50): warning C4305: 'argumento': truncamiento de 'double' a 'float'
C:\Users\Sara\Desktop\Universidad\Videojuegos\Plataformas\PlataformasAmpliaciones\GameLayer.cpp(30,35): warning C4305: 'argumento': truncamiento de 'double' a 'float'
C:\Users\Sara\Desktop\Universidad\Videojuegos\Plataformas\PlataformasAmpliaciones\GameLayer.cpp(37,56): warning C4305: 'argumento': truncamiento de 'double' a 'float'
C:\Users\Sara\Desktop\Universidad\Videojuegos\Plataformas\PlataformasAmpliaciones\GameLayer.cpp(37,41): warning C4305: 'argumento': truncamiento de 'double' a 'float'
C:\Users\Sara\Desktop\Universidad\Videojuegos\Plataformas\PlataformasAmpliaciones\GameLayer.cpp(48,24): warning C4305: 'argumento': truncamiento de 'double' a 'float'
C:\Users\Sara\Desktop\Universidad\Videojuegos\Plataformas\PlataformasAmpliaciones\GameLayer.cpp(48,9): warning C4305: 'argumento': truncamiento de 'double' a 'float'
C:\Users\Sara\Desktop\Universidad\Videojuegos\Plataformas\PlataformasAmpliaciones\GameLayer.cpp(76,13): warning C4244: 'inicializando': conversión de 'int' a 'float'; posible pérdida de datos
C:\Users\Sara\Desktop\Universidad\Videojuegos\Plataformas\PlataformasAmpliaciones\GameLayer.cpp(77,13): warning C4244: 'inicializando': conversión de 'int' a 'float'; posible pérdida de datos
C:\Users\Sara\Desktop\Universidad\Videojuegos\Plataformas\PlataformasAmpliaciones\GameLayer.cpp(107,37): warning C4244: 'argumento': conversión de 'int' a 'float'; posible pérdida de datos
C:\Users\Sara\Desktop\Universidad\Videojuegos\Plataformas\PlataformasAmpliaciones\GameLayer.cpp(107,24): warning C4244: 'argumento': conversión de 'int' a 'float'; posible pérdida de datos
C:\Users\Sara\Desktop\Universidad\Videojuegos\Plataformas\PlataformasAmpliaciones\GameLayer.cpp(462,24): warning C4244: '=': conversión de 'double' a 'float'; posible pérdida de datos
C:\Users\Sara\Desktop\Universidad\Videojuegos\Plataformas\PlataformasAmpliaciones\GameLayer.cpp(469,24): warning C4244: '=': conversión de 'double' a 'float'; posible pérdida de datos
C:\Users\Sara\Desktop\Universidad\Videojuegos\Plataformas\PlataformasAmpliaciones\GameLayer.cpp(477,24): warning C4244: '=': conversión de 'double' a 'float'; posible pérdida de datos
C:\Users\Sara\Desktop\Universidad\Videojuegos\Plataformas\PlataformasAmpliaciones\GameLayer.cpp(484,24): warning C4244: '=': conversión de 'double' a 'float'; posible pérdida de datos
C:\Users\Sara\Desktop\Universidad\Videojuegos\Plataformas\PlataformasAmpliaciones\GameLayer.cpp(593,35): warning C4244: 'argumento': conversión de 'float' a 'int'; posible pérdida de datos
C:\Users\Sara\Desktop\Universidad\Videojuegos\Plataformas\PlataformasAmpliaciones\GameLayer.cpp(593,26): warning C4244: 'argumento': conversión de 'float' a 'int'; posible pérdida de datos
C:\Users\Sara\Desktop\Universidad\Videojuegos\Plataformas\PlataformasAmpliaciones\GameLayer.cpp(596,39): warning C4244: '=': conversión de 'float' a 'int'; posible pérdida de datos
C:\Users\Sara\Desktop\Universidad\Videojuegos\Plataformas\PlataformasAmpliaciones\GameLayer.cpp(598,43): warning C4244: 'argumento': conversión de 'float' a 'int'; posible pérdida de datos
C:\Users\Sara\Desktop\Universidad\Videojuegos\Plataformas\PlataformasAmpliaciones\GameLayer.cpp(598,34): warning C4244: 'argumento': conversión de 'float' a 'int'; posible pérdida de datos
C:\Users\Sara\Desktop\Universidad\Videojuegos\Plataformas\PlataformasAmpliaciones\GameLayer.cpp(601,42): warning C4244: 'argumento': conversión de 'float' a 'int'; posible pérdida de datos
C:\Users\Sara\Desktop\Universidad\Videojuegos\Plataformas\PlataformasAmpliaciones\GameLayer.cpp(601,33): warning C4244: 'argumento': conversión de 'float' a 'int'; posible pérdida de datos
C:\Users\Sara\Desktop\Universidad\Videojuegos\Plataformas\PlataformasAmpliaciones\GameLayer.cpp(608,51): warning C4244: 'argumento': conversión de 'float' a 'int'; posible pérdida de datos
C:\Users\Sara\Desktop\Universidad\Videojuegos\Plataformas\PlataformasAmpliaciones\GameLayer.cpp(608,42): warning C4244: 'argumento': conversión de 'float' a 'int'; posible pérdida de datos
C:\Users\Sara\Desktop\Universidad\Videojuegos\Plataformas\PlataformasAmpliaciones\GameLayer.cpp(609,39): warning C4244: '=': conversión de 'float' a 'int'; posible pérdida de datos
C:\Users\Sara\Desktop\Universidad\Videojuegos\Plataformas\PlataformasAmpliaciones\GameLayer.cpp(620,43): warning C4244: 'argumento': conversión de 'float' a 'int'; posible pérdida de datos
C:\Users\Sara\Desktop\Universidad\Videojuegos\Plataformas\PlataformasAmpliaciones\GameLayer.cpp(620,34): warning C4244: 'argumento': conversión de 'float' a 'int'; posible pérdida de datos
C:\Users\Sara\Desktop\Universidad\Videojuegos\Plataformas\PlataformasAmpliaciones\GameLayer.cpp(623,42): warning C4244: 'argumento': conversión de 'float' a 'int'; posible pérdida de datos
C:\Users\Sara\Desktop\Universidad\Videojuegos\Plataformas\PlataformasAmpliaciones\GameLayer.cpp(623,33): warning C4244: 'argumento': conversión de 'float' a 'int'; posible pérdida de datos
C:\Users\Sara\Desktop\Universidad\Videojuegos\Plataformas\PlataformasAmpliaciones\GameLayer.cpp(630,35): warning C4244: 'argumento': conversión de 'float' a 'int'; posible pérdida de datos
C:\Users\Sara\Desktop\Universidad\Videojuegos\Plataformas\PlataformasAmpliaciones\GameLayer.cpp(630,26): warning C4244: 'argumento': conversión de 'float' a 'int'; posible pérdida de datos
C:\Users\Sara\Desktop\Universidad\Videojuegos\Plataformas\PlataformasAmpliaciones\GameLayer.cpp(636,43): warning C4244: 'argumento': conversión de 'float' a 'int'; posible pérdida de datos
C:\Users\Sara\Desktop\Universidad\Videojuegos\Plataformas\PlataformasAmpliaciones\GameLayer.cpp(636,34): warning C4244: 'argumento': conversión de 'float' a 'int'; posible pérdida de datos
C:\Users\Sara\Desktop\Universidad\Videojuegos\Plataformas\PlataformasAmpliaciones\GameLayer.cpp(639,42): warning C4244: 'argumento': conversión de 'float' a 'int'; posible pérdida de datos
C:\Users\Sara\Desktop\Universidad\Videojuegos\Plataformas\PlataformasAmpliaciones\GameLayer.cpp(639,33): warning C4244: 'argumento': conversión de 'float' a 'int'; posible pérdida de datos
  NavesL4.vcxproj -> C:\Users\Sara\Desktop\Universidad\Videojuegos\Plataformas\Debug\PlataformasAmpliaciones.exe
